<?xml version="1.0" encoding="UTF-8"?>
<testsuite name="com.kodilla.stream.array.ArrayOperationsTestSuite" tests="1" skipped="0" failures="0" errors="0" timestamp="2017-11-22T00:19:17" hostname="iliak-HP-15-Notebook-PC" time="0.008">
  <properties/>
  <testcase name="testGetAverage" classname="com.kodilla.stream.array.ArrayOperationsTestSuite" time="0.008"/>
  <system-out><![CDATA[1
2
3
8
5
7
8
3
33
44
23
124
0
20.076923076923077
]]></system-out>
  <system-err><![CDATA[]]></system-err>
</testsuite>
