<?xml version="1.0" encoding="UTF-8"?>
<testsuite name="com.kodilla.stream.forum2.ForumUserTestSuite" tests="2" skipped="0" failures="0" errors="0" timestamp="2017-10-28T18:39:23" hostname="iliak-HP-15-Notebook-PC" time="0.099">
  <properties/>
  <testcase name="testGetLocationsOfFriends" classname="com.kodilla.stream.forum2.ForumUserTestSuite" time="0.081"/>
  <testcase name="testGetLocationsOfFriendsOfFriends" classname="com.kodilla.stream.forum2.ForumUserTestSuite" time="0.017"/>
  <system-out><![CDATA[]]></system-out>
  <system-err><![CDATA[]]></system-err>
</testsuite>
