<?xml version="1.0" encoding="UTF-8"?>
<testsuite name="com.kodilla.stream.forum2.ForumUserTestSuite" tests="2" skipped="0" failures="0" errors="0" timestamp="2017-12-13T18:18:16" hostname="iliak-HP-15-Notebook-PC" time="0.336">
  <properties/>
  <testcase name="testGetLocationsOfFriends" classname="com.kodilla.stream.forum2.ForumUserTestSuite" time="0.291"/>
  <testcase name="testGetLocationsOfFriendsOfFriends" classname="com.kodilla.stream.forum2.ForumUserTestSuite" time="0.044"/>
  <system-out><![CDATA[]]></system-out>
  <system-err><![CDATA[]]></system-err>
</testsuite>
