<?xml version="1.0" encoding="UTF-8"?>
<testsuite name="com.kodilla.stream.portfolio.BoardTestSuite" tests="5" skipped="0" failures="0" errors="0" timestamp="2017-10-28T18:39:23" hostname="iliak-HP-15-Notebook-PC" time="0.074">
  <properties/>
  <testcase name="testAddTaskList" classname="com.kodilla.stream.portfolio.BoardTestSuite" time="0.038"/>
  <testcase name="testAddTaskListAverageWorkingOnTask" classname="com.kodilla.stream.portfolio.BoardTestSuite" time="0.018"/>
  <testcase name="testAddTaskListFindUsersTasks" classname="com.kodilla.stream.portfolio.BoardTestSuite" time="0.003"/>
  <testcase name="testAddTaskListFindLongTasks" classname="com.kodilla.stream.portfolio.BoardTestSuite" time="0.003"/>
  <testcase name="testAddTaskListAverageWorkingOnTask1" classname="com.kodilla.stream.portfolio.BoardTestSuite" time="0.01"/>
  <system-out><![CDATA[średnia ilość dni to 10
średnia to 10.0
]]></system-out>
  <system-err><![CDATA[]]></system-err>
</testsuite>
