<?xml version="1.0" encoding="UTF-8"?>
<testsuite name="com.kodilla.testing2.crudapp.CrudAppTestSuite" tests="1" skipped="0" failures="0" errors="0" timestamp="2017-12-13T18:15:55" hostname="iliak-HP-15-Notebook-PC" time="113.29">
  <properties/>
  <testcase name="shouldCreateTrelloCard" classname="com.kodilla.testing2.crudapp.CrudAppTestSuite" time="113.29"/>
  <system-out><![CDATA[]]></system-out>
  <system-err><![CDATA[Starting ChromeDriver 2.30.477691 (6ee44a7247c639c0703f291d320bdf05c1531b57) on port 25753
Only local connections are allowed.
gru 13, 2017 7:16:39 PM org.openqa.selenium.remote.ProtocolHandshake createSession
INFO: Detected dialect: OSS
Starting ChromeDriver 2.30.477691 (6ee44a7247c639c0703f291d320bdf05c1531b57) on port 26106
Only local connections are allowed.
gru 13, 2017 7:17:15 PM org.openqa.selenium.remote.ProtocolHandshake createSession
INFO: Detected dialect: OSS
]]></system-err>
</testsuite>
