<?xml version="1.0" encoding="UTF-8"?>
<testsuite name="com.kodilla.testing.shape.ShapeCollectorTestSuite" tests="4" skipped="0" failures="0" errors="0" timestamp="2017-07-25T22:54:59" hostname="iliak-HP-15-Notebook-PC" time="0.007">
  <properties/>
  <testcase name="testCaseRemoving" classname="com.kodilla.testing.shape.ShapeCollectorTestSuite" time="0.001"/>
  <testcase name="tastCaseShowing" classname="com.kodilla.testing.shape.ShapeCollectorTestSuite" time="0.004"/>
  <testcase name="testCaseGetting" classname="com.kodilla.testing.shape.ShapeCollectorTestSuite" time="0.0"/>
  <testcase name="testCaseAdding" classname="com.kodilla.testing.shape.ShapeCollectorTestSuite" time="0.001"/>
  <system-out><![CDATA[circle 3.141592653589793
square 1.0
triangle 1.0
triangle 0.5
]]></system-out>
  <system-err><![CDATA[]]></system-err>
</testsuite>
