<?xml version="1.0" encoding="UTF-8"?>
<testsuite name="com.kodilla.testing.forum.statistics.StatisticsTestSuite" tests="42" skipped="0" failures="0" errors="0" timestamp="2017-07-25T22:54:59" hostname="iliak-HP-15-Notebook-PC" time="0.185">
  <properties/>
  <testcase name="testCalculateAdvStatistics11" classname="com.kodilla.testing.forum.statistics.StatisticsTestSuite" time="0.12"/>
  <testcase name="testCalculateAdvStatistics12" classname="com.kodilla.testing.forum.statistics.StatisticsTestSuite" time="0.001"/>
  <testcase name="testCalculateAdvStatistics13" classname="com.kodilla.testing.forum.statistics.StatisticsTestSuite" time="0.001"/>
  <testcase name="testCalculateAdvStatistics14" classname="com.kodilla.testing.forum.statistics.StatisticsTestSuite" time="0.001"/>
  <testcase name="testCalculateAdvStatistics15" classname="com.kodilla.testing.forum.statistics.StatisticsTestSuite" time="0.001"/>
  <testcase name="testCalculateAdvStatistics16" classname="com.kodilla.testing.forum.statistics.StatisticsTestSuite" time="0.001"/>
  <testcase name="testCalculateAdvStatistics21" classname="com.kodilla.testing.forum.statistics.StatisticsTestSuite" time="0.001"/>
  <testcase name="testCalculateAdvStatistics22" classname="com.kodilla.testing.forum.statistics.StatisticsTestSuite" time="0.001"/>
  <testcase name="testCalculateAdvStatistics23" classname="com.kodilla.testing.forum.statistics.StatisticsTestSuite" time="0.001"/>
  <testcase name="testCalculateAdvStatistics24" classname="com.kodilla.testing.forum.statistics.StatisticsTestSuite" time="0.001"/>
  <testcase name="testCalculateAdvStatistics25" classname="com.kodilla.testing.forum.statistics.StatisticsTestSuite" time="0.001"/>
  <testcase name="testCalculateAdvStatistics26" classname="com.kodilla.testing.forum.statistics.StatisticsTestSuite" time="0.001"/>
  <testcase name="testCalculateAdvStatistics31" classname="com.kodilla.testing.forum.statistics.StatisticsTestSuite" time="0.001"/>
  <testcase name="testCalculateAdvStatistics32" classname="com.kodilla.testing.forum.statistics.StatisticsTestSuite" time="0.001"/>
  <testcase name="testCalculateAdvStatistics33" classname="com.kodilla.testing.forum.statistics.StatisticsTestSuite" time="0.001"/>
  <testcase name="testCalculateAdvStatistics34" classname="com.kodilla.testing.forum.statistics.StatisticsTestSuite" time="0.001"/>
  <testcase name="testCalculateAdvStatistics35" classname="com.kodilla.testing.forum.statistics.StatisticsTestSuite" time="0.001"/>
  <testcase name="testCalculateAdvStatistics36" classname="com.kodilla.testing.forum.statistics.StatisticsTestSuite" time="0.002"/>
  <testcase name="testCalculateAdvStatistics41" classname="com.kodilla.testing.forum.statistics.StatisticsTestSuite" time="0.001"/>
  <testcase name="testCalculateAdvStatistics42" classname="com.kodilla.testing.forum.statistics.StatisticsTestSuite" time="0.001"/>
  <testcase name="testCalculateAdvStatistics43" classname="com.kodilla.testing.forum.statistics.StatisticsTestSuite" time="0.001"/>
  <testcase name="testCalculateAdvStatistics44" classname="com.kodilla.testing.forum.statistics.StatisticsTestSuite" time="0.001"/>
  <testcase name="testCalculateAdvStatistics45" classname="com.kodilla.testing.forum.statistics.StatisticsTestSuite" time="0.001"/>
  <testcase name="testCalculateAdvStatistics46" classname="com.kodilla.testing.forum.statistics.StatisticsTestSuite" time="0.006"/>
  <testcase name="testCalculateAdvStatistics51" classname="com.kodilla.testing.forum.statistics.StatisticsTestSuite" time="0.001"/>
  <testcase name="testCalculateAdvStatistics52" classname="com.kodilla.testing.forum.statistics.StatisticsTestSuite" time="0.002"/>
  <testcase name="testCalculateAdvStatistics53" classname="com.kodilla.testing.forum.statistics.StatisticsTestSuite" time="0.001"/>
  <testcase name="testCalculateAdvStatistics54" classname="com.kodilla.testing.forum.statistics.StatisticsTestSuite" time="0.002"/>
  <testcase name="testCalculateAdvStatistics55" classname="com.kodilla.testing.forum.statistics.StatisticsTestSuite" time="0.001"/>
  <testcase name="testCalculateAdvStatistics56" classname="com.kodilla.testing.forum.statistics.StatisticsTestSuite" time="0.001"/>
  <testcase name="testCalculateAdvStatistics61" classname="com.kodilla.testing.forum.statistics.StatisticsTestSuite" time="0.001"/>
  <testcase name="testCalculateAdvStatistics62" classname="com.kodilla.testing.forum.statistics.StatisticsTestSuite" time="0.001"/>
  <testcase name="testCalculateAdvStatistics63" classname="com.kodilla.testing.forum.statistics.StatisticsTestSuite" time="0.001"/>
  <testcase name="testCalculateAdvStatistics64" classname="com.kodilla.testing.forum.statistics.StatisticsTestSuite" time="0.001"/>
  <testcase name="testCalculateAdvStatistics65" classname="com.kodilla.testing.forum.statistics.StatisticsTestSuite" time="0.002"/>
  <testcase name="testCalculateAdvStatistics66" classname="com.kodilla.testing.forum.statistics.StatisticsTestSuite" time="0.001"/>
  <testcase name="testCalculateAdvStatistics71" classname="com.kodilla.testing.forum.statistics.StatisticsTestSuite" time="0.002"/>
  <testcase name="testCalculateAdvStatistics72" classname="com.kodilla.testing.forum.statistics.StatisticsTestSuite" time="0.001"/>
  <testcase name="testCalculateAdvStatistics73" classname="com.kodilla.testing.forum.statistics.StatisticsTestSuite" time="0.002"/>
  <testcase name="testCalculateAdvStatistics74" classname="com.kodilla.testing.forum.statistics.StatisticsTestSuite" time="0.001"/>
  <testcase name="testCalculateAdvStatistics75" classname="com.kodilla.testing.forum.statistics.StatisticsTestSuite" time="0.001"/>
  <testcase name="testCalculateAdvStatistics76" classname="com.kodilla.testing.forum.statistics.StatisticsTestSuite" time="0.001"/>
  <system-out><![CDATA[1 0 postów
1 0 postów
1 0 postów
1 0 postów
1 0 postów
1 0 postów
2 1000 postów
2 1000 postów
2 1000 postów
2 1000 postów
2 1000 postów
2 1000 postów
3 0 komentarzy
3 0 komentarzy
3 0 komentarzy
3 0 komentarzy
3 0 komentarzy
3 0 komentarzy
4 gdy liczba komentarzy < liczba postów
4 gdy liczba komentarzy < liczba postów
4 gdy liczba komentarzy < liczba postów
4 gdy liczba komentarzy < liczba postów
4 gdy liczba komentarzy < liczba postów
4 gdy liczba komentarzy < liczba postów
5 gdy liczba komentarzy > liczba postów
5 gdy liczba komentarzy > liczba postów
5 gdy liczba komentarzy > liczba postów
5 gdy liczba komentarzy > liczba postów
5 gdy liczba komentarzy > liczba postów
5 gdy liczba komentarzy > liczba postów
6 gdy gdy liczba użytkowników = 0
6 gdy gdy liczba użytkowników = 0
6 gdy gdy liczba użytkowników = 0
6 gdy gdy liczba użytkowników = 0
6 gdy gdy liczba użytkowników = 0
6 gdy gdy liczba użytkowników = 0
7 gdy liczba użytkowników = 100
7 gdy liczba użytkowników = 100
7 gdy liczba użytkowników = 100
7 gdy liczba użytkowników = 100
7 gdy liczba użytkowników = 100
7 gdy liczba użytkowników = 100
]]></system-out>
  <system-err><![CDATA[]]></system-err>
</testsuite>
