<?xml version="1.0" encoding="UTF-8"?>
<testsuite name="com.kodilla.patterns.singleton.LoggerTestSuite" tests="1" skipped="0" failures="0" errors="0" timestamp="2017-12-13T18:12:54" hostname="iliak-HP-15-Notebook-PC" time="0.001">
  <properties/>
  <testcase name="testOne" classname="com.kodilla.patterns.singleton.LoggerTestSuite" time="0.001"/>
  <system-out><![CDATA[Log: [something]
]]></system-out>
  <system-err><![CDATA[]]></system-err>
</testsuite>
