<?xml version="1.0" encoding="UTF-8"?>
<testsuite name="com.kodilla.patterns.factory.tasks.TaskFactoryTestSuite" tests="6" skipped="0" failures="0" errors="0" timestamp="2017-12-13T18:12:55" hostname="iliak-HP-15-Notebook-PC" time="0.006">
  <properties/>
  <testcase name="testTasksFactoryPAINTING" classname="com.kodilla.patterns.factory.tasks.TaskFactoryTestSuite" time="0.001"/>
  <testcase name="testTasksFactorySHOPPING" classname="com.kodilla.patterns.factory.tasks.TaskFactoryTestSuite" time="0.001"/>
  <testcase name="testTasksFactoryPAINTINGExecuted" classname="com.kodilla.patterns.factory.tasks.TaskFactoryTestSuite" time="0.0"/>
  <testcase name="testTasksFactoryDRIVINGExecuted" classname="com.kodilla.patterns.factory.tasks.TaskFactoryTestSuite" time="0.001"/>
  <testcase name="testTasksFactoryDRIVING" classname="com.kodilla.patterns.factory.tasks.TaskFactoryTestSuite" time="0.0"/>
  <testcase name="testTasksFactorySHOPPINGExecuted" classname="com.kodilla.patterns.factory.tasks.TaskFactoryTestSuite" time="0.0"/>
  <system-out><![CDATA[]]></system-out>
  <system-err><![CDATA[]]></system-err>
</testsuite>
