<?xml version="1.0" encoding="UTF-8"?>
<testsuite name="Food2DoorTestSuite" tests="4" skipped="0" failures="0" errors="0" timestamp="2017-12-13T18:12:50" hostname="iliak-HP-15-Notebook-PC" time="0.018">
  <properties/>
  <testcase name="testProductInExtraFoodShop" classname="Food2DoorTestSuite" time="0.008"/>
  <testcase name="testLackInHealthyFoodShop" classname="Food2DoorTestSuite" time="0.005"/>
  <testcase name="testProductInHealthyShop" classname="Food2DoorTestSuite" time="0.0"/>
  <testcase name="testLackInExtraFoodShop" classname="Food2DoorTestSuite" time="0.002"/>
  <system-out><![CDATA[---------------
ExtraFoodShop
mydło 5.0zł
powidło 7.0zł

1x mydło 5.0zł
---------------
ExtraFoodShop
mydło 5.0zł
powidło 7.0zł

lack of mydło availability
---------------
ExtraFoodShop
powidło 7.0zł
mydło 5.0zł

1x mydło 5.0zł
---------------
ExtraFoodShop
mydło 5.0zł
powidło 7.0zł

lack of dzynks availability
2x mydło 10.0zł
]]></system-out>
  <system-err><![CDATA[]]></system-err>
</testsuite>
