<?xml version="1.0" encoding="UTF-8"?>
<testsuite name="com.kodilla.jdbc.StoredPostTestSuite" tests="1" skipped="0" failures="0" errors="0" timestamp="2017-11-16T11:56:50" hostname="iliak-HP-15-Notebook-PC" time="0.763">
  <properties/>
  <testcase name="testUpdateVipLevels" classname="com.kodilla.jdbc.StoredPostTestSuite" time="0.763"/>
  <system-out><![CDATA[]]></system-out>
  <system-err><![CDATA[]]></system-err>
</testsuite>
