<?xml version="1.0" encoding="UTF-8"?>
<testsuite name="com.kodilla.jdbc.DbManagerTestSuite" tests="3" skipped="0" failures="0" errors="0" timestamp="2017-11-16T11:56:48" hostname="iliak-HP-15-Notebook-PC" time="1.65">
  <properties/>
  <testcase name="testSelectUsers" classname="com.kodilla.jdbc.DbManagerTestSuite" time="1.57"/>
  <testcase name="testConnect" classname="com.kodilla.jdbc.DbManagerTestSuite" time="0.0"/>
  <testcase name="testSelectUsersAndPosts" classname="com.kodilla.jdbc.DbManagerTestSuite" time="0.078"/>
  <system-out><![CDATA[1, John, Smith
2, Zachary, Lee
3, Stephanie, Kovalsky
4, Thomas, Landgren
5, John, Thomson
Zachary Lee
]]></system-out>
  <system-err><![CDATA[]]></system-err>
</testsuite>
