<?xml version="1.0" encoding="UTF-8"?>
<testsuite name="com.kodilla.jdbc.DbManagerTestSuite" tests="1" skipped="0" failures="0" errors="0" timestamp="2017-11-01T06:47:36" hostname="iliak-HP-15-Notebook-PC" time="0.36">
  <properties/>
  <testcase name="testConnect" classname="com.kodilla.jdbc.DbManagerTestSuite" time="0.36"/>
  <system-out><![CDATA[]]></system-out>
  <system-err><![CDATA[]]></system-err>
</testsuite>
